<?xml version="1.0" encoding="UTF-8"?>
<testsuite xmlns:xsi="http://www.w3.org/2001/XMLSchema-instance" xsi:noNamespaceSchemaLocation="https://maven.apache.org/surefire/maven-surefire-plugin/xsd/surefire-test-report-3.0.xsd" version="3.0" name="com.expense.service.CategoryServiceTest" time="0.35" tests="8" errors="0" skipped="0" failures="0">
  <properties>
[...]
</properties>
  <testcase name="testGetAllCategories" classname="com.expense.service.CategoryServiceTest" time="0.317"/>
  <testcase name="testGetExpense" classname="com.expense.service.CategoryServiceTest" time="0.005"/>
  <testcase name="testGetCategoryById_NotFound" classname="com.expense.service.CategoryServiceTest" time="0.003"/>
  <testcase name="testUpdateCategory" classname="com.expense.service.CategoryServiceTest" time="0.005"/>
  <testcase name="testUpdateCategory_NotFound" classname="com.expense.service.CategoryServiceTest" time="0.002"/>
  <testcase name="testSaveCategory" classname="com.expense.service.CategoryServiceTest" time="0.003"/>
  <testcase name="testDeleteCategory" classname="com.expense.service.CategoryServiceTest" time="0.003"/>
  <testcase name="testGetCategoryById" classname="com.expense.service.CategoryServiceTest" time="0.001"/>
</testsuite>